{"C:\\xampp\\htdocs\\CyberStream\\backend\\db.js": {"path":"C:\\xampp\\htdocs\\CyberStream\\backend\\db.js","statementMap":{"0":{"start":{"line":1,"column":14},"end":{"line":1,"column":31}},"1":{"start":{"line":2,"column":0},"end":{"line":2,"column":27}},"2":{"start":{"line":4,"column":19},"end":{"line":9,"column":2}},"3":{"start":{"line":11,"column":0},"end":{"line":14,"column":3}},"4":{"start":{"line":12,"column":2},"end":{"line":12,"column":21}},"5":{"start":{"line":12,"column":11},"end":{"line":12,"column":21}},"6":{"start":{"line":13,"column":22},"end":{"line":13,"column":104}},"7":{"start":{"line":16,"column":0},"end":{"line":16,"column":28}},"8":{"start":{"line":23,"column":85},"end":{"line":23,"column":46530}},"9":{"start":{"line":23,"column":89},"end":{"line":23,"column":46502}},"10":{"start":{"line":23,"column":46512},"end":{"line":23,"column":46529}}},"fnMap":{"0":{"name":"(anonymous_0)","decl":{"start":{"line":11,"column":19},"end":{"line":11,"column":20}},"loc":{"start":{"line":11,"column":26},"end":{"line":14,"column":1}},"line":11},"1":{"name":"oo_cm","decl":{"start":{"line":23,"column":77},"end":{"line":23,"column":82}},"loc":{"start":{"line":23,"column":84},"end":{"line":23,"column":46531}},"line":23}},"branchMap":{"0":{"loc":{"start":{"line":12,"column":2},"end":{"line":12,"column":21}},"type":"if","locations":[{"start":{"line":12,"column":2},"end":{"line":12,"column":21}},{"start":{},"end":{}}],"line":12},"1":{"loc":{"start":{"line":23,"column":96},"end":{"line":23,"column":46501}},"type":"binary-expr","locations":[{"start":{"line":23,"column":96},"end":{"line":23,"column":133}},{"start":{"line":23,"column":137},"end":{"line":23,"column":46501}}],"line":23}},"s":{"0":1,"1":1,"2":1,"3":1,"4":1,"5":0,"6":1,"7":1,"8":1,"9":1,"10":0},"f":{"0":1,"1":1},"b":{"0":[0,1],"1":[1,1]},"_coverageSchema":"1a1c01bbd47fc00a2c39e90264f33305004495a9","hash":"9537706d85351f6763e81a4bbf0f0db1a396b65d"}
,"C:\\xampp\\htdocs\\CyberStream\\backend\\server.js": {"path":"C:\\xampp\\htdocs\\CyberStream\\backend\\server.js","statementMap":{"0":{"start":{"line":1,"column":11},"end":{"line":1,"column":26}},"1":{"start":{"line":2,"column":13},"end":{"line":2,"column":28}},"2":{"start":{"line":3,"column":13},"end":{"line":3,"column":28}},"3":{"start":{"line":4,"column":16},"end":{"line":4,"column":34}},"4":{"start":{"line":5,"column":11},"end":{"line":5,"column":24}},"5":{"start":{"line":6,"column":15},"end":{"line":6,"column":32}},"6":{"start":{"line":7,"column":12},"end":{"line":7,"column":21}},"7":{"start":{"line":10,"column":21},"end":{"line":10,"column":73}},"8":{"start":{"line":12,"column":0},"end":{"line":12,"column":16}},"9":{"start":{"line":13,"column":0},"end":{"line":13,"column":24}},"10":{"start":{"line":18,"column":18},"end":{"line":39,"column":1}},"11":{"start":{"line":41,"column":20},"end":{"line":41,"column":62}},"12":{"start":{"line":41,"column":53},"end":{"line":41,"column":61}},"13":{"start":{"line":42,"column":0},"end":{"line":46,"column":3}},"14":{"start":{"line":43,"column":4},"end":{"line":45,"column":7}},"15":{"start":{"line":44,"column":8},"end":{"line":44,"column":154}},"16":{"start":{"line":44,"column":72},"end":{"line":44,"column":154}},"17":{"start":{"line":50,"column":4},"end":{"line":50,"column":32}},"18":{"start":{"line":50,"column":25},"end":{"line":50,"column":32}},"19":{"start":{"line":52,"column":4},"end":{"line":70,"column":5}},"20":{"start":{"line":53,"column":22},"end":{"line":58,"column":9}},"21":{"start":{"line":59,"column":8},"end":{"line":61,"column":11}},"22":{"start":{"line":60,"column":12},"end":{"line":60,"column":126}},"23":{"start":{"line":60,"column":41},"end":{"line":60,"column":126}},"24":{"start":{"line":63,"column":22},"end":{"line":66,"column":9}},"25":{"start":{"line":67,"column":8},"end":{"line":69,"column":11}},"26":{"start":{"line":68,"column":12},"end":{"line":68,"column":129}},"27":{"start":{"line":68,"column":41},"end":{"line":68,"column":129}},"28":{"start":{"line":81,"column":0},"end":{"line":81,"column":68}},"29":{"start":{"line":82,"column":0},"end":{"line":82,"column":61}},"30":{"start":{"line":89,"column":4},"end":{"line":89,"column":62}},"31":{"start":{"line":89,"column":48},"end":{"line":89,"column":62}},"32":{"start":{"line":90,"column":4},"end":{"line":90,"column":73}},"33":{"start":{"line":96,"column":0},"end":{"line":118,"column":3}},"34":{"start":{"line":97,"column":32},"end":{"line":97,"column":40}},"35":{"start":{"line":99,"column":18},"end":{"line":104,"column":5}},"36":{"start":{"line":106,"column":4},"end":{"line":117,"column":7}},"37":{"start":{"line":107,"column":8},"end":{"line":107,"column":62}},"38":{"start":{"line":107,"column":17},"end":{"line":107,"column":62}},"39":{"start":{"line":109,"column":8},"end":{"line":116,"column":9}},"40":{"start":{"line":110,"column":25},"end":{"line":110,"column":34}},"41":{"start":{"line":111,"column":12},"end":{"line":111,"column":33}},"42":{"start":{"line":112,"column":12},"end":{"line":112,"column":74}},"43":{"start":{"line":113,"column":12},"end":{"line":113,"column":43}},"44":{"start":{"line":115,"column":12},"end":{"line":115,"column":85}},"45":{"start":{"line":123,"column":0},"end":{"line":135,"column":3}},"46":{"start":{"line":124,"column":18},"end":{"line":129,"column":5}},"47":{"start":{"line":130,"column":4},"end":{"line":134,"column":7}},"48":{"start":{"line":131,"column":8},"end":{"line":131,"column":68}},"49":{"start":{"line":131,"column":17},"end":{"line":131,"column":68}},"50":{"start":{"line":132,"column":8},"end":{"line":132,"column":83}},"51":{"start":{"line":132,"column":26},"end":{"line":132,"column":83}},"52":{"start":{"line":133,"column":8},"end":{"line":133,"column":26}},"53":{"start":{"line":140,"column":0},"end":{"line":188,"column":3}},"54":{"start":{"line":141,"column":20},"end":{"line":141,"column":38}},"55":{"start":{"line":144,"column":16},"end":{"line":148,"column":5}},"56":{"start":{"line":150,"column":19},"end":{"line":150,"column":21}},"57":{"start":{"line":151,"column":4},"end":{"line":154,"column":5}},"58":{"start":{"line":152,"column":8},"end":{"line":152,"column":40}},"59":{"start":{"line":153,"column":8},"end":{"line":153,"column":29}},"60":{"start":{"line":156,"column":4},"end":{"line":156,"column":62}},"61":{"start":{"line":158,"column":4},"end":{"line":187,"column":7}},"62":{"start":{"line":159,"column":8},"end":{"line":159,"column":49}},"63":{"start":{"line":159,"column":17},"end":{"line":159,"column":49}},"64":{"start":{"line":162,"column":24},"end":{"line":162,"column":26}},"65":{"start":{"line":164,"column":8},"end":{"line":174,"column":11}},"66":{"start":{"line":166,"column":12},"end":{"line":168,"column":13}},"67":{"start":{"line":167,"column":16},"end":{"line":167,"column":43}},"68":{"start":{"line":170,"column":12},"end":{"line":172,"column":13}},"69":{"start":{"line":171,"column":16},"end":{"line":171,"column":63}},"70":{"start":{"line":173,"column":12},"end":{"line":173,"column":65}},"71":{"start":{"line":181,"column":8},"end":{"line":186,"column":9}},"72":{"start":{"line":182,"column":12},"end":{"line":182,"column":30}},"73":{"start":{"line":185,"column":12},"end":{"line":185,"column":45}},"74":{"start":{"line":193,"column":0},"end":{"line":199,"column":3}},"75":{"start":{"line":194,"column":18},"end":{"line":194,"column":87}},"76":{"start":{"line":195,"column":4},"end":{"line":198,"column":7}},"77":{"start":{"line":196,"column":8},"end":{"line":196,"column":49}},"78":{"start":{"line":196,"column":17},"end":{"line":196,"column":49}},"79":{"start":{"line":197,"column":8},"end":{"line":197,"column":23}},"80":{"start":{"line":204,"column":0},"end":{"line":209,"column":3}},"81":{"start":{"line":205,"column":4},"end":{"line":208,"column":7}},"82":{"start":{"line":206,"column":8},"end":{"line":206,"column":49}},"83":{"start":{"line":206,"column":17},"end":{"line":206,"column":49}},"84":{"start":{"line":207,"column":8},"end":{"line":207,"column":23}},"85":{"start":{"line":214,"column":0},"end":{"line":221,"column":3}},"86":{"start":{"line":215,"column":63},"end":{"line":215,"column":71}},"87":{"start":{"line":216,"column":18},"end":{"line":216,"column":109}},"88":{"start":{"line":217,"column":4},"end":{"line":220,"column":7}},"89":{"start":{"line":218,"column":8},"end":{"line":218,"column":65}},"90":{"start":{"line":218,"column":17},"end":{"line":218,"column":65}},"91":{"start":{"line":219,"column":8},"end":{"line":219,"column":36}},"92":{"start":{"line":226,"column":16},"end":{"line":240,"column":2}},"93":{"start":{"line":228,"column":24},"end":{"line":228,"column":50}},"94":{"start":{"line":230,"column":18},"end":{"line":232,"column":57}},"95":{"start":{"line":234,"column":8},"end":{"line":234,"column":72}},"96":{"start":{"line":234,"column":33},"end":{"line":234,"column":72}},"97":{"start":{"line":235,"column":8},"end":{"line":235,"column":22}},"98":{"start":{"line":238,"column":8},"end":{"line":238,"column":76}},"99":{"start":{"line":241,"column":15},"end":{"line":241,"column":34}},"100":{"start":{"line":246,"column":0},"end":{"line":279,"column":3}},"101":{"start":{"line":247,"column":95},"end":{"line":247,"column":103}},"102":{"start":{"line":250,"column":4},"end":{"line":252,"column":5}},"103":{"start":{"line":251,"column":8},"end":{"line":251,"column":86}},"104":{"start":{"line":254,"column":22},"end":{"line":254,"column":44}},"105":{"start":{"line":255,"column":22},"end":{"line":255,"column":73}},"106":{"start":{"line":257,"column":22},"end":{"line":257,"column":62}},"107":{"start":{"line":258,"column":27},"end":{"line":258,"column":107}},"108":{"start":{"line":260,"column":18},"end":{"line":264,"column":5}},"109":{"start":{"line":266,"column":4},"end":{"line":278,"column":6}},"110":{"start":{"line":270,"column":12},"end":{"line":270,"column":74}},"111":{"start":{"line":270,"column":21},"end":{"line":270,"column":74}},"112":{"start":{"line":274,"column":12},"end":{"line":274,"column":98}},"113":{"start":{"line":276,"column":12},"end":{"line":276,"column":40}},"114":{"start":{"line":284,"column":0},"end":{"line":312,"column":3}},"115":{"start":{"line":285,"column":20},"end":{"line":285,"column":33}},"116":{"start":{"line":286,"column":21},"end":{"line":286,"column":94}},"117":{"start":{"line":288,"column":4},"end":{"line":311,"column":7}},"118":{"start":{"line":289,"column":8},"end":{"line":289,"column":65}},"119":{"start":{"line":289,"column":17},"end":{"line":289,"column":65}},"120":{"start":{"line":290,"column":8},"end":{"line":310,"column":9}},"121":{"start":{"line":291,"column":22},"end":{"line":291,"column":29}},"122":{"start":{"line":292,"column":12},"end":{"line":295,"column":13}},"123":{"start":{"line":293,"column":26},"end":{"line":293,"column":65}},"124":{"start":{"line":294,"column":16},"end":{"line":294,"column":62}},"125":{"start":{"line":294,"column":38},"end":{"line":294,"column":62}},"126":{"start":{"line":296,"column":12},"end":{"line":299,"column":13}},"127":{"start":{"line":297,"column":26},"end":{"line":297,"column":71}},"128":{"start":{"line":298,"column":16},"end":{"line":298,"column":62}},"129":{"start":{"line":298,"column":38},"end":{"line":298,"column":62}},"130":{"start":{"line":301,"column":26},"end":{"line":301,"column":66}},"131":{"start":{"line":302,"column":12},"end":{"line":307,"column":15}},"132":{"start":{"line":303,"column":16},"end":{"line":303,"column":73}},"133":{"start":{"line":303,"column":25},"end":{"line":303,"column":73}},"134":{"start":{"line":305,"column":16},"end":{"line":305,"column":101}},"135":{"start":{"line":306,"column":16},"end":{"line":306,"column":44}},"136":{"start":{"line":309,"column":12},"end":{"line":309,"column":40}},"137":{"start":{"line":317,"column":0},"end":{"line":326,"column":3}},"138":{"start":{"line":318,"column":37},"end":{"line":318,"column":45}},"139":{"start":{"line":319,"column":18},"end":{"line":319,"column":86}},"140":{"start":{"line":320,"column":4},"end":{"line":325,"column":7}},"141":{"start":{"line":321,"column":8},"end":{"line":321,"column":65}},"142":{"start":{"line":321,"column":17},"end":{"line":321,"column":65}},"143":{"start":{"line":323,"column":8},"end":{"line":323,"column":91}},"144":{"start":{"line":324,"column":8},"end":{"line":324,"column":36}},"145":{"start":{"line":331,"column":0},"end":{"line":356,"column":3}},"146":{"start":{"line":332,"column":18},"end":{"line":332,"column":20}},"147":{"start":{"line":335,"column":15},"end":{"line":335,"column":52}},"148":{"start":{"line":337,"column":15},"end":{"line":337,"column":60}},"149":{"start":{"line":339,"column":15},"end":{"line":339,"column":85}},"150":{"start":{"line":341,"column":15},"end":{"line":341,"column":76}},"151":{"start":{"line":343,"column":4},"end":{"line":355,"column":7}},"152":{"start":{"line":344,"column":8},"end":{"line":344,"column":34}},"153":{"start":{"line":345,"column":8},"end":{"line":354,"column":11}},"154":{"start":{"line":346,"column":12},"end":{"line":346,"column":38}},"155":{"start":{"line":347,"column":12},"end":{"line":353,"column":15}},"156":{"start":{"line":348,"column":16},"end":{"line":348,"column":42}},"157":{"start":{"line":349,"column":16},"end":{"line":352,"column":19}},"158":{"start":{"line":350,"column":20},"end":{"line":350,"column":52}},"159":{"start":{"line":351,"column":20},"end":{"line":351,"column":36}},"160":{"start":{"line":361,"column":0},"end":{"line":373,"column":3}},"161":{"start":{"line":362,"column":45},"end":{"line":362,"column":53}},"162":{"start":{"line":363,"column":18},"end":{"line":366,"column":5}},"163":{"start":{"line":367,"column":4},"end":{"line":372,"column":7}},"164":{"start":{"line":368,"column":8},"end":{"line":368,"column":65}},"165":{"start":{"line":368,"column":17},"end":{"line":368,"column":65}},"166":{"start":{"line":370,"column":8},"end":{"line":370,"column":67}},"167":{"start":{"line":371,"column":8},"end":{"line":371,"column":36}},"168":{"start":{"line":378,"column":0},"end":{"line":403,"column":3}},"169":{"start":{"line":379,"column":51},"end":{"line":379,"column":59}},"170":{"start":{"line":381,"column":24},"end":{"line":381,"column":102}},"171":{"start":{"line":383,"column":18},"end":{"line":386,"column":5}},"172":{"start":{"line":387,"column":4},"end":{"line":402,"column":7}},"173":{"start":{"line":388,"column":8},"end":{"line":391,"column":9}},"174":{"start":{"line":389,"column":32},"end":{"line":389,"column":110}},"175":{"start":{"line":390,"column":12},"end":{"line":390,"column":82}},"176":{"start":{"line":394,"column":25},"end":{"line":398,"column":9}},"177":{"start":{"line":399,"column":8},"end":{"line":399,"column":49}},"178":{"start":{"line":401,"column":8},"end":{"line":401,"column":36}},"179":{"start":{"line":405,"column":0},"end":{"line":417,"column":3}},"180":{"start":{"line":406,"column":18},"end":{"line":412,"column":5}},"181":{"start":{"line":413,"column":4},"end":{"line":416,"column":7}},"182":{"start":{"line":414,"column":8},"end":{"line":414,"column":49}},"183":{"start":{"line":414,"column":17},"end":{"line":414,"column":49}},"184":{"start":{"line":415,"column":8},"end":{"line":415,"column":23}},"185":{"start":{"line":422,"column":0},"end":{"line":444,"column":3}},"186":{"start":{"line":423,"column":18},"end":{"line":423,"column":29}},"187":{"start":{"line":424,"column":17},"end":{"line":424,"column":42}},"188":{"start":{"line":425,"column":4},"end":{"line":425,"column":49}},"189":{"start":{"line":425,"column":16},"end":{"line":425,"column":49}},"190":{"start":{"line":427,"column":4},"end":{"line":443,"column":5}},"191":{"start":{"line":428,"column":20},"end":{"line":428,"column":139}},"192":{"start":{"line":429,"column":25},"end":{"line":429,"column":41}},"193":{"start":{"line":431,"column":8},"end":{"line":436,"column":9}},"194":{"start":{"line":432,"column":32},"end":{"line":432,"column":124}},"195":{"start":{"line":433,"column":28},"end":{"line":433,"column":49}},"196":{"start":{"line":434,"column":32},"end":{"line":434,"column":114}},"197":{"start":{"line":435,"column":12},"end":{"line":435,"column":99}},"198":{"start":{"line":438,"column":21},"end":{"line":438,"column":42}},"199":{"start":{"line":439,"column":8},"end":{"line":439,"column":23}},"200":{"start":{"line":441,"column":28},"end":{"line":441,"column":102}},"201":{"start":{"line":442,"column":8},"end":{"line":442,"column":54}},"202":{"start":{"line":446,"column":0},"end":{"line":457,"column":3}},"203":{"start":{"line":447,"column":15},"end":{"line":447,"column":28}},"204":{"start":{"line":448,"column":17},"end":{"line":448,"column":42}},"205":{"start":{"line":449,"column":4},"end":{"line":456,"column":5}},"206":{"start":{"line":450,"column":20},"end":{"line":450,"column":103}},"207":{"start":{"line":451,"column":25},"end":{"line":451,"column":41}},"208":{"start":{"line":452,"column":21},"end":{"line":452,"column":42}},"209":{"start":{"line":453,"column":8},"end":{"line":453,"column":23}},"210":{"start":{"line":455,"column":8},"end":{"line":455,"column":54}},"211":{"start":{"line":462,"column":0},"end":{"line":475,"column":3}},"212":{"start":{"line":463,"column":23},"end":{"line":463,"column":31}},"213":{"start":{"line":464,"column":18},"end":{"line":469,"column":5}},"214":{"start":{"line":470,"column":4},"end":{"line":474,"column":7}},"215":{"start":{"line":471,"column":8},"end":{"line":471,"column":65}},"216":{"start":{"line":471,"column":17},"end":{"line":471,"column":65}},"217":{"start":{"line":472,"column":8},"end":{"line":472,"column":96}},"218":{"start":{"line":472,"column":26},"end":{"line":472,"column":96}},"219":{"start":{"line":473,"column":8},"end":{"line":473,"column":51}},"220":{"start":{"line":480,"column":0},"end":{"line":488,"column":3}},"221":{"start":{"line":481,"column":34},"end":{"line":481,"column":42}},"222":{"start":{"line":482,"column":18},"end":{"line":482,"column":80}},"223":{"start":{"line":483,"column":4},"end":{"line":487,"column":7}},"224":{"start":{"line":484,"column":8},"end":{"line":484,"column":65}},"225":{"start":{"line":484,"column":17},"end":{"line":484,"column":65}},"226":{"start":{"line":485,"column":8},"end":{"line":485,"column":70}},"227":{"start":{"line":486,"column":8},"end":{"line":486,"column":36}},"228":{"start":{"line":490,"column":0},"end":{"line":502,"column":3}},"229":{"start":{"line":491,"column":18},"end":{"line":497,"column":5}},"230":{"start":{"line":498,"column":4},"end":{"line":501,"column":7}},"231":{"start":{"line":499,"column":8},"end":{"line":499,"column":49}},"232":{"start":{"line":499,"column":17},"end":{"line":499,"column":49}},"233":{"start":{"line":500,"column":8},"end":{"line":500,"column":23}},"234":{"start":{"line":504,"column":0},"end":{"line":512,"column":3}},"235":{"start":{"line":505,"column":34},"end":{"line":505,"column":42}},"236":{"start":{"line":506,"column":18},"end":{"line":506,"column":74}},"237":{"start":{"line":507,"column":4},"end":{"line":511,"column":7}},"238":{"start":{"line":508,"column":8},"end":{"line":508,"column":65}},"239":{"start":{"line":508,"column":17},"end":{"line":508,"column":65}},"240":{"start":{"line":509,"column":8},"end":{"line":509,"column":73}},"241":{"start":{"line":510,"column":8},"end":{"line":510,"column":36}},"242":{"start":{"line":517,"column":0},"end":{"line":523,"column":3}},"243":{"start":{"line":518,"column":18},"end":{"line":518,"column":102}},"244":{"start":{"line":519,"column":4},"end":{"line":522,"column":7}},"245":{"start":{"line":520,"column":8},"end":{"line":520,"column":49}},"246":{"start":{"line":520,"column":17},"end":{"line":520,"column":49}},"247":{"start":{"line":521,"column":8},"end":{"line":521,"column":23}},"248":{"start":{"line":525,"column":0},"end":{"line":530,"column":3}},"249":{"start":{"line":526,"column":37},"end":{"line":526,"column":45}},"250":{"start":{"line":527,"column":4},"end":{"line":527,"column":74}},"251":{"start":{"line":527,"column":26},"end":{"line":527,"column":74}},"252":{"start":{"line":528,"column":4},"end":{"line":528,"column":40}},"253":{"start":{"line":529,"column":4},"end":{"line":529,"column":32}},"254":{"start":{"line":535,"column":0},"end":{"line":542,"column":3}},"255":{"start":{"line":536,"column":41},"end":{"line":536,"column":49}},"256":{"start":{"line":537,"column":18},"end":{"line":537,"column":79}},"257":{"start":{"line":538,"column":4},"end":{"line":541,"column":7}},"258":{"start":{"line":539,"column":8},"end":{"line":539,"column":94}},"259":{"start":{"line":539,"column":46},"end":{"line":539,"column":94}},"260":{"start":{"line":540,"column":8},"end":{"line":540,"column":36}},"261":{"start":{"line":547,"column":0},"end":{"line":549,"column":3}},"262":{"start":{"line":548,"column":4},"end":{"line":548,"column":65}},"263":{"start":{"line":566,"column":13},"end":{"line":566,"column":37}},"264":{"start":{"line":569,"column":0},"end":{"line":573,"column":1}},"265":{"start":{"line":570,"column":4},"end":{"line":572,"column":7}},"266":{"start":{"line":571,"column":28},"end":{"line":571,"column":134}},"267":{"start":{"line":576,"column":0},"end":{"line":576,"column":21}},"268":{"start":{"line":583,"column":85},"end":{"line":583,"column":46530}},"269":{"start":{"line":583,"column":89},"end":{"line":583,"column":46502}},"270":{"start":{"line":583,"column":46512},"end":{"line":583,"column":46529}}},"fnMap":{"0":{"name":"(anonymous_0)","decl":{"start":{"line":41,"column":48},"end":{"line":41,"column":49}},"loc":{"start":{"line":41,"column":53},"end":{"line":41,"column":61}},"line":41},"1":{"name":"(anonymous_1)","decl":{"start":{"line":42,"column":20},"end":{"line":42,"column":21}},"loc":{"start":{"line":42,"column":25},"end":{"line":46,"column":1}},"line":42},"2":{"name":"(anonymous_2)","decl":{"start":{"line":43,"column":16},"end":{"line":43,"column":17}},"loc":{"start":{"line":43,"column":23},"end":{"line":45,"column":5}},"line":43},"3":{"name":"logUserAction","decl":{"start":{"line":49,"column":9},"end":{"line":49,"column":22}},"loc":{"start":{"line":49,"column":55},"end":{"line":71,"column":1}},"line":49},"4":{"name":"(anonymous_4)","decl":{"start":{"line":59,"column":58},"end":{"line":59,"column":59}},"loc":{"start":{"line":59,"column":65},"end":{"line":61,"column":9}},"line":59},"5":{"name":"(anonymous_5)","decl":{"start":{"line":67,"column":58},"end":{"line":67,"column":59}},"loc":{"start":{"line":67,"column":65},"end":{"line":69,"column":9}},"line":67},"6":{"name":"verifyAdmin","decl":{"start":{"line":88,"column":9},"end":{"line":88,"column":20}},"loc":{"start":{"line":88,"column":37},"end":{"line":91,"column":1}},"line":88},"7":{"name":"(anonymous_7)","decl":{"start":{"line":96,"column":23},"end":{"line":96,"column":24}},"loc":{"start":{"line":96,"column":37},"end":{"line":118,"column":1}},"line":96},"8":{"name":"(anonymous_8)","decl":{"start":{"line":106,"column":39},"end":{"line":106,"column":40}},"loc":{"start":{"line":106,"column":56},"end":{"line":117,"column":5}},"line":106},"9":{"name":"(anonymous_9)","decl":{"start":{"line":123,"column":31},"end":{"line":123,"column":32}},"loc":{"start":{"line":123,"column":45},"end":{"line":135,"column":1}},"line":123},"10":{"name":"(anonymous_10)","decl":{"start":{"line":130,"column":37},"end":{"line":130,"column":38}},"loc":{"start":{"line":130,"column":52},"end":{"line":134,"column":5}},"line":130},"11":{"name":"(anonymous_11)","decl":{"start":{"line":140,"column":31},"end":{"line":140,"column":32}},"loc":{"start":{"line":140,"column":45},"end":{"line":188,"column":1}},"line":140},"12":{"name":"(anonymous_12)","decl":{"start":{"line":158,"column":28},"end":{"line":158,"column":29}},"loc":{"start":{"line":158,"column":43},"end":{"line":187,"column":5}},"line":158},"13":{"name":"(anonymous_13)","decl":{"start":{"line":164,"column":21},"end":{"line":164,"column":22}},"loc":{"start":{"line":164,"column":29},"end":{"line":174,"column":9}},"line":164},"14":{"name":"(anonymous_14)","decl":{"start":{"line":193,"column":36},"end":{"line":193,"column":37}},"loc":{"start":{"line":193,"column":50},"end":{"line":199,"column":1}},"line":193},"15":{"name":"(anonymous_15)","decl":{"start":{"line":195,"column":42},"end":{"line":195,"column":43}},"loc":{"start":{"line":195,"column":57},"end":{"line":198,"column":5}},"line":195},"16":{"name":"(anonymous_16)","decl":{"start":{"line":204,"column":22},"end":{"line":204,"column":23}},"loc":{"start":{"line":204,"column":36},"end":{"line":209,"column":1}},"line":204},"17":{"name":"(anonymous_17)","decl":{"start":{"line":205,"column":50},"end":{"line":205,"column":51}},"loc":{"start":{"line":205,"column":65},"end":{"line":208,"column":5}},"line":205},"18":{"name":"(anonymous_18)","decl":{"start":{"line":214,"column":26},"end":{"line":214,"column":27}},"loc":{"start":{"line":214,"column":40},"end":{"line":221,"column":1}},"line":214},"19":{"name":"(anonymous_19)","decl":{"start":{"line":217,"column":70},"end":{"line":217,"column":71}},"loc":{"start":{"line":217,"column":77},"end":{"line":220,"column":5}},"line":217},"20":{"name":"(anonymous_20)","decl":{"start":{"line":227,"column":17},"end":{"line":227,"column":18}},"loc":{"start":{"line":227,"column":36},"end":{"line":236,"column":5}},"line":227},"21":{"name":"(anonymous_21)","decl":{"start":{"line":237,"column":14},"end":{"line":237,"column":15}},"loc":{"start":{"line":237,"column":33},"end":{"line":239,"column":5}},"line":237},"22":{"name":"(anonymous_22)","decl":{"start":{"line":246,"column":103},"end":{"line":246,"column":104}},"loc":{"start":{"line":246,"column":117},"end":{"line":279,"column":1}},"line":246},"23":{"name":"(anonymous_23)","decl":{"start":{"line":269,"column":8},"end":{"line":269,"column":9}},"loc":{"start":{"line":269,"column":25},"end":{"line":277,"column":9}},"line":269},"24":{"name":"(anonymous_24)","decl":{"start":{"line":284,"column":42},"end":{"line":284,"column":43}},"loc":{"start":{"line":284,"column":56},"end":{"line":312,"column":1}},"line":284},"25":{"name":"(anonymous_25)","decl":{"start":{"line":288,"column":34},"end":{"line":288,"column":35}},"loc":{"start":{"line":288,"column":49},"end":{"line":311,"column":5}},"line":288},"26":{"name":"(anonymous_26)","decl":{"start":{"line":294,"column":51},"end":{"line":294,"column":52}},"loc":{"start":{"line":294,"column":57},"end":{"line":294,"column":60}},"line":294},"27":{"name":"(anonymous_27)","decl":{"start":{"line":298,"column":51},"end":{"line":298,"column":52}},"loc":{"start":{"line":298,"column":57},"end":{"line":298,"column":60}},"line":298},"28":{"name":"(anonymous_28)","decl":{"start":{"line":302,"column":39},"end":{"line":302,"column":40}},"loc":{"start":{"line":302,"column":48},"end":{"line":307,"column":13}},"line":302},"29":{"name":"(anonymous_29)","decl":{"start":{"line":317,"column":39},"end":{"line":317,"column":40}},"loc":{"start":{"line":317,"column":53},"end":{"line":326,"column":1}},"line":317},"30":{"name":"(anonymous_30)","decl":{"start":{"line":320,"column":59},"end":{"line":320,"column":60}},"loc":{"start":{"line":320,"column":68},"end":{"line":325,"column":5}},"line":320},"31":{"name":"(anonymous_31)","decl":{"start":{"line":331,"column":41},"end":{"line":331,"column":42}},"loc":{"start":{"line":331,"column":55},"end":{"line":356,"column":1}},"line":331},"32":{"name":"(anonymous_32)","decl":{"start":{"line":343,"column":17},"end":{"line":343,"column":18}},"loc":{"start":{"line":343,"column":30},"end":{"line":355,"column":5}},"line":343},"33":{"name":"(anonymous_33)","decl":{"start":{"line":345,"column":21},"end":{"line":345,"column":22}},"loc":{"start":{"line":345,"column":34},"end":{"line":354,"column":9}},"line":345},"34":{"name":"(anonymous_34)","decl":{"start":{"line":347,"column":25},"end":{"line":347,"column":26}},"loc":{"start":{"line":347,"column":38},"end":{"line":353,"column":13}},"line":347},"35":{"name":"(anonymous_35)","decl":{"start":{"line":349,"column":29},"end":{"line":349,"column":30}},"loc":{"start":{"line":349,"column":42},"end":{"line":352,"column":17}},"line":349},"36":{"name":"(anonymous_36)","decl":{"start":{"line":361,"column":27},"end":{"line":361,"column":28}},"loc":{"start":{"line":361,"column":41},"end":{"line":373,"column":1}},"line":361},"37":{"name":"(anonymous_37)","decl":{"start":{"line":367,"column":65},"end":{"line":367,"column":66}},"loc":{"start":{"line":367,"column":74},"end":{"line":372,"column":5}},"line":367},"38":{"name":"(anonymous_38)","decl":{"start":{"line":378,"column":24},"end":{"line":378,"column":25}},"loc":{"start":{"line":378,"column":38},"end":{"line":403,"column":1}},"line":378},"39":{"name":"(anonymous_39)","decl":{"start":{"line":387,"column":58},"end":{"line":387,"column":59}},"loc":{"start":{"line":387,"column":67},"end":{"line":402,"column":5}},"line":387},"40":{"name":"(anonymous_40)","decl":{"start":{"line":405,"column":33},"end":{"line":405,"column":34}},"loc":{"start":{"line":405,"column":47},"end":{"line":417,"column":1}},"line":405},"41":{"name":"(anonymous_41)","decl":{"start":{"line":413,"column":42},"end":{"line":413,"column":43}},"loc":{"start":{"line":413,"column":57},"end":{"line":416,"column":5}},"line":413},"42":{"name":"(anonymous_42)","decl":{"start":{"line":422,"column":28},"end":{"line":422,"column":29}},"loc":{"start":{"line":422,"column":48},"end":{"line":444,"column":1}},"line":422},"43":{"name":"(anonymous_43)","decl":{"start":{"line":446,"column":33},"end":{"line":446,"column":34}},"loc":{"start":{"line":446,"column":53},"end":{"line":457,"column":1}},"line":446},"44":{"name":"(anonymous_44)","decl":{"start":{"line":462,"column":36},"end":{"line":462,"column":37}},"loc":{"start":{"line":462,"column":50},"end":{"line":475,"column":1}},"line":462},"45":{"name":"(anonymous_45)","decl":{"start":{"line":470,"column":30},"end":{"line":470,"column":31}},"loc":{"start":{"line":470,"column":45},"end":{"line":474,"column":5}},"line":470},"46":{"name":"(anonymous_46)","decl":{"start":{"line":480,"column":25},"end":{"line":480,"column":26}},"loc":{"start":{"line":480,"column":39},"end":{"line":488,"column":1}},"line":480},"47":{"name":"(anonymous_47)","decl":{"start":{"line":483,"column":41},"end":{"line":483,"column":42}},"loc":{"start":{"line":483,"column":48},"end":{"line":487,"column":5}},"line":483},"48":{"name":"(anonymous_48)","decl":{"start":{"line":490,"column":32},"end":{"line":490,"column":33}},"loc":{"start":{"line":490,"column":46},"end":{"line":502,"column":1}},"line":490},"49":{"name":"(anonymous_49)","decl":{"start":{"line":498,"column":41},"end":{"line":498,"column":42}},"loc":{"start":{"line":498,"column":56},"end":{"line":501,"column":5}},"line":498},"50":{"name":"(anonymous_50)","decl":{"start":{"line":504,"column":27},"end":{"line":504,"column":28}},"loc":{"start":{"line":504,"column":41},"end":{"line":512,"column":1}},"line":504},"51":{"name":"(anonymous_51)","decl":{"start":{"line":507,"column":41},"end":{"line":507,"column":42}},"loc":{"start":{"line":507,"column":48},"end":{"line":511,"column":5}},"line":507},"52":{"name":"(anonymous_52)","decl":{"start":{"line":517,"column":40},"end":{"line":517,"column":41}},"loc":{"start":{"line":517,"column":54},"end":{"line":523,"column":1}},"line":517},"53":{"name":"(anonymous_53)","decl":{"start":{"line":519,"column":20},"end":{"line":519,"column":21}},"loc":{"start":{"line":519,"column":35},"end":{"line":522,"column":5}},"line":519},"54":{"name":"(anonymous_54)","decl":{"start":{"line":525,"column":21},"end":{"line":525,"column":22}},"loc":{"start":{"line":525,"column":35},"end":{"line":530,"column":1}},"line":525},"55":{"name":"(anonymous_55)","decl":{"start":{"line":535,"column":33},"end":{"line":535,"column":34}},"loc":{"start":{"line":535,"column":47},"end":{"line":542,"column":1}},"line":535},"56":{"name":"(anonymous_56)","decl":{"start":{"line":538,"column":48},"end":{"line":538,"column":49}},"loc":{"start":{"line":538,"column":65},"end":{"line":541,"column":5}},"line":538},"57":{"name":"(anonymous_57)","decl":{"start":{"line":547,"column":24},"end":{"line":547,"column":25}},"loc":{"start":{"line":547,"column":38},"end":{"line":549,"column":1}},"line":547},"58":{"name":"(anonymous_58)","decl":{"start":{"line":570,"column":32},"end":{"line":570,"column":33}},"loc":{"start":{"line":570,"column":38},"end":{"line":572,"column":5}},"line":570},"59":{"name":"oo_cm","decl":{"start":{"line":583,"column":77},"end":{"line":583,"column":82}},"loc":{"start":{"line":583,"column":84},"end":{"line":583,"column":46531}},"line":583}},"branchMap":{"0":{"loc":{"start":{"line":10,"column":21},"end":{"line":10,"column":73}},"type":"binary-expr","locations":[{"start":{"line":10,"column":21},"end":{"line":10,"column":45}},{"start":{"line":10,"column":49},"end":{"line":10,"column":73}}],"line":10},"1":{"loc":{"start":{"line":44,"column":8},"end":{"line":44,"column":154}},"type":"if","locations":[{"start":{"line":44,"column":8},"end":{"line":44,"column":154}},{"start":{},"end":{}}],"line":44},"2":{"loc":{"start":{"line":44,"column":12},"end":{"line":44,"column":50}},"type":"binary-expr","locations":[{"start":{"line":44,"column":12},"end":{"line":44,"column":15}},{"start":{"line":44,"column":19},"end":{"line":44,"column":50}}],"line":44},"3":{"loc":{"start":{"line":50,"column":4},"end":{"line":50,"column":32}},"type":"if","locations":[{"start":{"line":50,"column":4},"end":{"line":50,"column":32}},{"start":{},"end":{}}],"line":50},"4":{"loc":{"start":{"line":52,"column":4},"end":{"line":70,"column":5}},"type":"if","locations":[{"start":{"line":52,"column":4},"end":{"line":70,"column":5}},{"start":{"line":62,"column":11},"end":{"line":70,"column":5}}],"line":52},"5":{"loc":{"start":{"line":60,"column":12},"end":{"line":60,"column":126}},"type":"if","locations":[{"start":{"line":60,"column":12},"end":{"line":60,"column":126}},{"start":{},"end":{}}],"line":60},"6":{"loc":{"start":{"line":68,"column":12},"end":{"line":68,"column":129}},"type":"if","locations":[{"start":{"line":68,"column":12},"end":{"line":68,"column":129}},{"start":{},"end":{}}],"line":68},"7":{"loc":{"start":{"line":89,"column":4},"end":{"line":89,"column":62}},"type":"if","locations":[{"start":{"line":89,"column":4},"end":{"line":89,"column":62}},{"start":{},"end":{}}],"line":89},"8":{"loc":{"start":{"line":107,"column":8},"end":{"line":107,"column":62}},"type":"if","locations":[{"start":{"line":107,"column":8},"end":{"line":107,"column":62}},{"start":{},"end":{}}],"line":107},"9":{"loc":{"start":{"line":109,"column":8},"end":{"line":116,"column":9}},"type":"if","locations":[{"start":{"line":109,"column":8},"end":{"line":116,"column":9}},{"start":{"line":114,"column":15},"end":{"line":116,"column":9}}],"line":109},"10":{"loc":{"start":{"line":131,"column":8},"end":{"line":131,"column":68}},"type":"if","locations":[{"start":{"line":131,"column":8},"end":{"line":131,"column":68}},{"start":{},"end":{}}],"line":131},"11":{"loc":{"start":{"line":132,"column":8},"end":{"line":132,"column":83}},"type":"if","locations":[{"start":{"line":132,"column":8},"end":{"line":132,"column":83}},{"start":{},"end":{}}],"line":132},"12":{"loc":{"start":{"line":151,"column":4},"end":{"line":154,"column":5}},"type":"if","locations":[{"start":{"line":151,"column":4},"end":{"line":154,"column":5}},{"start":{},"end":{}}],"line":151},"13":{"loc":{"start":{"line":159,"column":8},"end":{"line":159,"column":49}},"type":"if","locations":[{"start":{"line":159,"column":8},"end":{"line":159,"column":49}},{"start":{},"end":{}}],"line":159},"14":{"loc":{"start":{"line":166,"column":12},"end":{"line":168,"column":13}},"type":"if","locations":[{"start":{"line":166,"column":12},"end":{"line":168,"column":13}},{"start":{},"end":{}}],"line":166},"15":{"loc":{"start":{"line":170,"column":12},"end":{"line":172,"column":13}},"type":"if","locations":[{"start":{"line":170,"column":12},"end":{"line":172,"column":13}},{"start":{},"end":{}}],"line":170},"16":{"loc":{"start":{"line":181,"column":8},"end":{"line":186,"column":9}},"type":"if","locations":[{"start":{"line":181,"column":8},"end":{"line":186,"column":9}},{"start":{"line":183,"column":15},"end":{"line":186,"column":9}}],"line":181},"17":{"loc":{"start":{"line":185,"column":21},"end":{"line":185,"column":43}},"type":"binary-expr","locations":[{"start":{"line":185,"column":21},"end":{"line":185,"column":37}},{"start":{"line":185,"column":41},"end":{"line":185,"column":43}}],"line":185},"18":{"loc":{"start":{"line":196,"column":8},"end":{"line":196,"column":49}},"type":"if","locations":[{"start":{"line":196,"column":8},"end":{"line":196,"column":49}},{"start":{},"end":{}}],"line":196},"19":{"loc":{"start":{"line":206,"column":8},"end":{"line":206,"column":49}},"type":"if","locations":[{"start":{"line":206,"column":8},"end":{"line":206,"column":49}},{"start":{},"end":{}}],"line":206},"20":{"loc":{"start":{"line":218,"column":8},"end":{"line":218,"column":65}},"type":"if","locations":[{"start":{"line":218,"column":8},"end":{"line":218,"column":65}},{"start":{},"end":{}}],"line":218},"21":{"loc":{"start":{"line":228,"column":24},"end":{"line":228,"column":50}},"type":"binary-expr","locations":[{"start":{"line":228,"column":24},"end":{"line":228,"column":40}},{"start":{"line":228,"column":44},"end":{"line":228,"column":50}}],"line":228},"22":{"loc":{"start":{"line":230,"column":18},"end":{"line":232,"column":57}},"type":"cond-expr","locations":[{"start":{"line":231,"column":14},"end":{"line":231,"column":50}},{"start":{"line":232,"column":14},"end":{"line":232,"column":57}}],"line":230},"23":{"loc":{"start":{"line":234,"column":8},"end":{"line":234,"column":72}},"type":"if","locations":[{"start":{"line":234,"column":8},"end":{"line":234,"column":72}},{"start":{},"end":{}}],"line":234},"24":{"loc":{"start":{"line":250,"column":4},"end":{"line":252,"column":5}},"type":"if","locations":[{"start":{"line":250,"column":4},"end":{"line":252,"column":5}},{"start":{},"end":{}}],"line":250},"25":{"loc":{"start":{"line":250,"column":8},"end":{"line":250,"column":67}},"type":"binary-expr","locations":[{"start":{"line":250,"column":8},"end":{"line":250,"column":14}},{"start":{"line":250,"column":18},"end":{"line":250,"column":26}},{"start":{"line":250,"column":30},"end":{"line":250,"column":42}},{"start":{"line":250,"column":46},"end":{"line":250,"column":67}}],"line":250},"26":{"loc":{"start":{"line":255,"column":22},"end":{"line":255,"column":73}},"type":"cond-expr","locations":[{"start":{"line":255,"column":44},"end":{"line":255,"column":66}},{"start":{"line":255,"column":69},"end":{"line":255,"column":73}}],"line":255},"27":{"loc":{"start":{"line":258,"column":27},"end":{"line":258,"column":107}},"type":"cond-expr","locations":[{"start":{"line":258,"column":39},"end":{"line":258,"column":72}},{"start":{"line":258,"column":76},"end":{"line":258,"column":106}}],"line":258},"28":{"loc":{"start":{"line":258,"column":76},"end":{"line":258,"column":106}},"type":"binary-expr","locations":[{"start":{"line":258,"column":76},"end":{"line":258,"column":98}},{"start":{"line":258,"column":102},"end":{"line":258,"column":106}}],"line":258},"29":{"loc":{"start":{"line":268,"column":65},"end":{"line":268,"column":86}},"type":"binary-expr","locations":[{"start":{"line":268,"column":65},"end":{"line":268,"column":78}},{"start":{"line":268,"column":82},"end":{"line":268,"column":86}}],"line":268},"30":{"loc":{"start":{"line":268,"column":88},"end":{"line":268,"column":103}},"type":"binary-expr","locations":[{"start":{"line":268,"column":88},"end":{"line":268,"column":95}},{"start":{"line":268,"column":99},"end":{"line":268,"column":103}}],"line":268},"31":{"loc":{"start":{"line":268,"column":105},"end":{"line":268,"column":124}},"type":"binary-expr","locations":[{"start":{"line":268,"column":105},"end":{"line":268,"column":116}},{"start":{"line":268,"column":120},"end":{"line":268,"column":124}}],"line":268},"32":{"loc":{"start":{"line":268,"column":126},"end":{"line":268,"column":146}},"type":"binary-expr","locations":[{"start":{"line":268,"column":126},"end":{"line":268,"column":138}},{"start":{"line":268,"column":142},"end":{"line":268,"column":146}}],"line":268},"33":{"loc":{"start":{"line":270,"column":12},"end":{"line":270,"column":74}},"type":"if","locations":[{"start":{"line":270,"column":12},"end":{"line":270,"column":74}},{"start":{},"end":{}}],"line":270},"34":{"loc":{"start":{"line":289,"column":8},"end":{"line":289,"column":65}},"type":"if","locations":[{"start":{"line":289,"column":8},"end":{"line":289,"column":65}},{"start":{},"end":{}}],"line":289},"35":{"loc":{"start":{"line":290,"column":8},"end":{"line":310,"column":9}},"type":"if","locations":[{"start":{"line":290,"column":8},"end":{"line":310,"column":9}},{"start":{"line":308,"column":15},"end":{"line":310,"column":9}}],"line":290},"36":{"loc":{"start":{"line":292,"column":12},"end":{"line":295,"column":13}},"type":"if","locations":[{"start":{"line":292,"column":12},"end":{"line":295,"column":13}},{"start":{},"end":{}}],"line":292},"37":{"loc":{"start":{"line":292,"column":16},"end":{"line":292,"column":62}},"type":"binary-expr","locations":[{"start":{"line":292,"column":16},"end":{"line":292,"column":27}},{"start":{"line":292,"column":31},"end":{"line":292,"column":62}}],"line":292},"38":{"loc":{"start":{"line":294,"column":16},"end":{"line":294,"column":62}},"type":"if","locations":[{"start":{"line":294,"column":16},"end":{"line":294,"column":62}},{"start":{},"end":{}}],"line":294},"39":{"loc":{"start":{"line":296,"column":12},"end":{"line":299,"column":13}},"type":"if","locations":[{"start":{"line":296,"column":12},"end":{"line":299,"column":13}},{"start":{},"end":{}}],"line":296},"40":{"loc":{"start":{"line":296,"column":16},"end":{"line":296,"column":72}},"type":"binary-expr","locations":[{"start":{"line":296,"column":16},"end":{"line":296,"column":32}},{"start":{"line":296,"column":36},"end":{"line":296,"column":72}}],"line":296},"41":{"loc":{"start":{"line":298,"column":16},"end":{"line":298,"column":62}},"type":"if","locations":[{"start":{"line":298,"column":16},"end":{"line":298,"column":62}},{"start":{},"end":{}}],"line":298},"42":{"loc":{"start":{"line":303,"column":16},"end":{"line":303,"column":73}},"type":"if","locations":[{"start":{"line":303,"column":16},"end":{"line":303,"column":73}},{"start":{},"end":{}}],"line":303},"43":{"loc":{"start":{"line":321,"column":8},"end":{"line":321,"column":65}},"type":"if","locations":[{"start":{"line":321,"column":8},"end":{"line":321,"column":65}},{"start":{},"end":{}}],"line":321},"44":{"loc":{"start":{"line":350,"column":38},"end":{"line":350,"column":51}},"type":"binary-expr","locations":[{"start":{"line":350,"column":38},"end":{"line":350,"column":46}},{"start":{"line":350,"column":50},"end":{"line":350,"column":51}}],"line":350},"45":{"loc":{"start":{"line":367,"column":40},"end":{"line":367,"column":62}},"type":"binary-expr","locations":[{"start":{"line":367,"column":40},"end":{"line":367,"column":49}},{"start":{"line":367,"column":53},"end":{"line":367,"column":62}}],"line":367},"46":{"loc":{"start":{"line":368,"column":8},"end":{"line":368,"column":65}},"type":"if","locations":[{"start":{"line":368,"column":8},"end":{"line":368,"column":65}},{"start":{},"end":{}}],"line":368},"47":{"loc":{"start":{"line":388,"column":8},"end":{"line":391,"column":9}},"type":"if","locations":[{"start":{"line":388,"column":8},"end":{"line":391,"column":9}},{"start":{},"end":{}}],"line":388},"48":{"loc":{"start":{"line":414,"column":8},"end":{"line":414,"column":49}},"type":"if","locations":[{"start":{"line":414,"column":8},"end":{"line":414,"column":49}},{"start":{},"end":{}}],"line":414},"49":{"loc":{"start":{"line":424,"column":17},"end":{"line":424,"column":42}},"type":"binary-expr","locations":[{"start":{"line":424,"column":17},"end":{"line":424,"column":31}},{"start":{"line":424,"column":35},"end":{"line":424,"column":42}}],"line":424},"50":{"loc":{"start":{"line":425,"column":4},"end":{"line":425,"column":49}},"type":"if","locations":[{"start":{"line":425,"column":4},"end":{"line":425,"column":49}},{"start":{},"end":{}}],"line":425},"51":{"loc":{"start":{"line":431,"column":8},"end":{"line":436,"column":9}},"type":"if","locations":[{"start":{"line":431,"column":8},"end":{"line":436,"column":9}},{"start":{},"end":{}}],"line":431},"52":{"loc":{"start":{"line":448,"column":17},"end":{"line":448,"column":42}},"type":"binary-expr","locations":[{"start":{"line":448,"column":17},"end":{"line":448,"column":31}},{"start":{"line":448,"column":35},"end":{"line":448,"column":42}}],"line":448},"53":{"loc":{"start":{"line":471,"column":8},"end":{"line":471,"column":65}},"type":"if","locations":[{"start":{"line":471,"column":8},"end":{"line":471,"column":65}},{"start":{},"end":{}}],"line":471},"54":{"loc":{"start":{"line":472,"column":8},"end":{"line":472,"column":96}},"type":"if","locations":[{"start":{"line":472,"column":8},"end":{"line":472,"column":96}},{"start":{},"end":{}}],"line":472},"55":{"loc":{"start":{"line":484,"column":8},"end":{"line":484,"column":65}},"type":"if","locations":[{"start":{"line":484,"column":8},"end":{"line":484,"column":65}},{"start":{},"end":{}}],"line":484},"56":{"loc":{"start":{"line":499,"column":8},"end":{"line":499,"column":49}},"type":"if","locations":[{"start":{"line":499,"column":8},"end":{"line":499,"column":49}},{"start":{},"end":{}}],"line":499},"57":{"loc":{"start":{"line":508,"column":8},"end":{"line":508,"column":65}},"type":"if","locations":[{"start":{"line":508,"column":8},"end":{"line":508,"column":65}},{"start":{},"end":{}}],"line":508},"58":{"loc":{"start":{"line":520,"column":8},"end":{"line":520,"column":49}},"type":"if","locations":[{"start":{"line":520,"column":8},"end":{"line":520,"column":49}},{"start":{},"end":{}}],"line":520},"59":{"loc":{"start":{"line":527,"column":4},"end":{"line":527,"column":74}},"type":"if","locations":[{"start":{"line":527,"column":4},"end":{"line":527,"column":74}},{"start":{},"end":{}}],"line":527},"60":{"loc":{"start":{"line":527,"column":8},"end":{"line":527,"column":24}},"type":"binary-expr","locations":[{"start":{"line":527,"column":8},"end":{"line":527,"column":13}},{"start":{"line":527,"column":17},"end":{"line":527,"column":24}}],"line":527},"61":{"loc":{"start":{"line":539,"column":8},"end":{"line":539,"column":94}},"type":"if","locations":[{"start":{"line":539,"column":8},"end":{"line":539,"column":94}},{"start":{},"end":{}}],"line":539},"62":{"loc":{"start":{"line":539,"column":12},"end":{"line":539,"column":44}},"type":"binary-expr","locations":[{"start":{"line":539,"column":12},"end":{"line":539,"column":15}},{"start":{"line":539,"column":19},"end":{"line":539,"column":44}}],"line":539},"63":{"loc":{"start":{"line":566,"column":13},"end":{"line":566,"column":37}},"type":"binary-expr","locations":[{"start":{"line":566,"column":13},"end":{"line":566,"column":29}},{"start":{"line":566,"column":33},"end":{"line":566,"column":37}}],"line":566},"64":{"loc":{"start":{"line":569,"column":0},"end":{"line":573,"column":1}},"type":"if","locations":[{"start":{"line":569,"column":0},"end":{"line":573,"column":1}},{"start":{},"end":{}}],"line":569},"65":{"loc":{"start":{"line":583,"column":96},"end":{"line":583,"column":46501}},"type":"binary-expr","locations":[{"start":{"line":583,"column":96},"end":{"line":583,"column":133}},{"start":{"line":583,"column":137},"end":{"line":583,"column":46501}}],"line":583}},"s":{"0":1,"1":1,"2":1,"3":1,"4":1,"5":1,"6":1,"7":1,"8":1,"9":1,"10":1,"11":1,"12":7,"13":1,"14":6,"15":6,"16":0,"17":3,"18":0,"19":3,"20":2,"21":2,"22":2,"23":0,"24":1,"25":1,"26":1,"27":0,"28":1,"29":1,"30":2,"31":2,"32":0,"33":1,"34":1,"35":1,"36":1,"37":1,"38":0,"39":1,"40":1,"41":1,"42":1,"43":1,"44":0,"45":1,"46":0,"47":0,"48":0,"49":0,"50":0,"51":0,"52":0,"53":1,"54":1,"55":1,"56":1,"57":1,"58":0,"59":0,"60":1,"61":1,"62":1,"63":0,"64":1,"65":1,"66":30,"67":3,"68":30,"69":9,"70":30,"71":1,"72":1,"73":0,"74":1,"75":1,"76":1,"77":1,"78":0,"79":1,"80":1,"81":1,"82":1,"83":0,"84":1,"85":1,"86":1,"87":1,"88":1,"89":1,"90":0,"91":1,"92":1,"93":0,"94":0,"95":0,"96":0,"97":0,"98":0,"99":1,"100":1,"101":0,"102":0,"103":0,"104":0,"105":0,"106":0,"107":0,"108":0,"109":0,"110":0,"111":0,"112":0,"113":0,"114":1,"115":0,"116":0,"117":0,"118":0,"119":0,"120":0,"121":0,"122":0,"123":0,"124":0,"125":0,"126":0,"127":0,"128":0,"129":0,"130":0,"131":0,"132":0,"133":0,"134":0,"135":0,"136":0,"137":1,"138":0,"139":0,"140":0,"141":0,"142":0,"143":0,"144":0,"145":1,"146":1,"147":1,"148":1,"149":1,"150":1,"151":1,"152":1,"153":1,"154":1,"155":1,"156":1,"157":1,"158":1,"159":1,"160":1,"161":1,"162":1,"163":1,"164":1,"165":0,"166":1,"167":1,"168":1,"169":1,"170":1,"171":1,"172":1,"173":1,"174":0,"175":0,"176":1,"177":1,"178":1,"179":1,"180":0,"181":0,"182":0,"183":0,"184":0,"185":1,"186":1,"187":1,"188":1,"189":0,"190":1,"191":1,"192":1,"193":1,"194":1,"195":1,"196":1,"197":1,"198":0,"199":0,"200":0,"201":0,"202":1,"203":0,"204":0,"205":0,"206":0,"207":0,"208":0,"209":0,"210":0,"211":1,"212":0,"213":0,"214":0,"215":0,"216":0,"217":0,"218":0,"219":0,"220":1,"221":1,"222":1,"223":1,"224":1,"225":0,"226":1,"227":1,"228":1,"229":0,"230":0,"231":0,"232":0,"233":0,"234":1,"235":0,"236":0,"237":0,"238":0,"239":0,"240":0,"241":0,"242":1,"243":1,"244":1,"245":1,"246":0,"247":1,"248":1,"249":0,"250":0,"251":0,"252":0,"253":0,"254":1,"255":1,"256":1,"257":1,"258":1,"259":1,"260":0,"261":1,"262":0,"263":1,"264":1,"265":0,"266":0,"267":1,"268":3,"269":3,"270":0},"f":{"0":7,"1":6,"2":6,"3":3,"4":2,"5":1,"6":2,"7":1,"8":1,"9":0,"10":0,"11":1,"12":1,"13":30,"14":1,"15":1,"16":1,"17":1,"18":1,"19":1,"20":0,"21":0,"22":0,"23":0,"24":0,"25":0,"26":0,"27":0,"28":0,"29":0,"30":0,"31":1,"32":1,"33":1,"34":1,"35":1,"36":1,"37":1,"38":1,"39":1,"40":0,"41":0,"42":1,"43":0,"44":0,"45":0,"46":1,"47":1,"48":0,"49":0,"50":0,"51":0,"52":1,"53":1,"54":0,"55":1,"56":1,"57":0,"58":0,"59":3},"b":{"0":[1,1],"1":[0,6],"2":[6,0],"3":[0,3],"4":[2,1],"5":[0,2],"6":[0,1],"7":[2,0],"8":[0,1],"9":[1,0],"10":[0,0],"11":[0,0],"12":[0,1],"13":[0,1],"14":[3,27],"15":[9,21],"16":[1,0],"17":[0,0],"18":[0,1],"19":[0,1],"20":[0,1],"21":[0,0],"22":[0,0],"23":[0,0],"24":[0,0],"25":[0,0,0,0],"26":[0,0],"27":[0,0],"28":[0,0],"29":[0,0],"30":[0,0],"31":[0,0],"32":[0,0],"33":[0,0],"34":[0,0],"35":[0,0],"36":[0,0],"37":[0,0],"38":[0,0],"39":[0,0],"40":[0,0],"41":[0,0],"42":[0,0],"43":[0,0],"44":[1,1],"45":[1,1],"46":[0,1],"47":[0,1],"48":[0,0],"49":[1,1],"50":[0,1],"51":[1,0],"52":[0,0],"53":[0,0],"54":[0,0],"55":[0,1],"56":[0,0],"57":[0,0],"58":[0,1],"59":[0,0],"60":[0,0],"61":[1,0],"62":[1,1],"63":[1,1],"64":[0,1],"65":[3,0]},"_coverageSchema":"1a1c01bbd47fc00a2c39e90264f33305004495a9","hash":"71caeb95fd1dbb314bd114d354076f66b6517c72"}
}
