TN:
SF:db.js
FN:11,(anonymous_0)
FN:23,oo_cm
FNF:2
FNH:2
FNDA:1,(anonymous_0)
FNDA:1,oo_cm
DA:1,1
DA:2,1
DA:4,1
DA:11,1
DA:12,1
DA:13,1
DA:16,1
DA:23,1
LF:8
LH:8
BRDA:12,0,0,0
BRDA:12,0,1,1
BRDA:23,1,0,1
BRDA:23,1,1,1
BRF:4
BRH:3
end_of_record
TN:
SF:server.js
FN:41,(anonymous_0)
FN:42,(anonymous_1)
FN:43,(anonymous_2)
FN:49,logUserAction
FN:59,(anonymous_4)
FN:67,(anonymous_5)
FN:88,verifyAdmin
FN:96,(anonymous_7)
FN:106,(anonymous_8)
FN:123,(anonymous_9)
FN:130,(anonymous_10)
FN:140,(anonymous_11)
FN:158,(anonymous_12)
FN:164,(anonymous_13)
FN:193,(anonymous_14)
FN:195,(anonymous_15)
FN:204,(anonymous_16)
FN:205,(anonymous_17)
FN:214,(anonymous_18)
FN:217,(anonymous_19)
FN:227,(anonymous_20)
FN:237,(anonymous_21)
FN:246,(anonymous_22)
FN:269,(anonymous_23)
FN:284,(anonymous_24)
FN:288,(anonymous_25)
FN:294,(anonymous_26)
FN:298,(anonymous_27)
FN:302,(anonymous_28)
FN:317,(anonymous_29)
FN:320,(anonymous_30)
FN:331,(anonymous_31)
FN:343,(anonymous_32)
FN:345,(anonymous_33)
FN:347,(anonymous_34)
FN:349,(anonymous_35)
FN:361,(anonymous_36)
FN:367,(anonymous_37)
FN:378,(anonymous_38)
FN:387,(anonymous_39)
FN:405,(anonymous_40)
FN:413,(anonymous_41)
FN:422,(anonymous_42)
FN:446,(anonymous_43)
FN:462,(anonymous_44)
FN:470,(anonymous_45)
FN:480,(anonymous_46)
FN:483,(anonymous_47)
FN:490,(anonymous_48)
FN:498,(anonymous_49)
FN:504,(anonymous_50)
FN:507,(anonymous_51)
FN:517,(anonymous_52)
FN:519,(anonymous_53)
FN:525,(anonymous_54)
FN:535,(anonymous_55)
FN:538,(anonymous_56)
FN:547,(anonymous_57)
FN:570,(anonymous_58)
FN:583,oo_cm
FNF:60
FNH:35
FNDA:7,(anonymous_0)
FNDA:6,(anonymous_1)
FNDA:6,(anonymous_2)
FNDA:3,logUserAction
FNDA:2,(anonymous_4)
FNDA:1,(anonymous_5)
FNDA:2,verifyAdmin
FNDA:1,(anonymous_7)
FNDA:1,(anonymous_8)
FNDA:0,(anonymous_9)
FNDA:0,(anonymous_10)
FNDA:1,(anonymous_11)
FNDA:1,(anonymous_12)
FNDA:30,(anonymous_13)
FNDA:1,(anonymous_14)
FNDA:1,(anonymous_15)
FNDA:1,(anonymous_16)
FNDA:1,(anonymous_17)
FNDA:1,(anonymous_18)
FNDA:1,(anonymous_19)
FNDA:0,(anonymous_20)
FNDA:0,(anonymous_21)
FNDA:0,(anonymous_22)
FNDA:0,(anonymous_23)
FNDA:0,(anonymous_24)
FNDA:0,(anonymous_25)
FNDA:0,(anonymous_26)
FNDA:0,(anonymous_27)
FNDA:0,(anonymous_28)
FNDA:0,(anonymous_29)
FNDA:0,(anonymous_30)
FNDA:1,(anonymous_31)
FNDA:1,(anonymous_32)
FNDA:1,(anonymous_33)
FNDA:1,(anonymous_34)
FNDA:1,(anonymous_35)
FNDA:1,(anonymous_36)
FNDA:1,(anonymous_37)
FNDA:1,(anonymous_38)
FNDA:1,(anonymous_39)
FNDA:0,(anonymous_40)
FNDA:0,(anonymous_41)
FNDA:1,(anonymous_42)
FNDA:0,(anonymous_43)
FNDA:0,(anonymous_44)
FNDA:0,(anonymous_45)
FNDA:1,(anonymous_46)
FNDA:1,(anonymous_47)
FNDA:0,(anonymous_48)
FNDA:0,(anonymous_49)
FNDA:0,(anonymous_50)
FNDA:0,(anonymous_51)
FNDA:1,(anonymous_52)
FNDA:1,(anonymous_53)
FNDA:0,(anonymous_54)
FNDA:1,(anonymous_55)
FNDA:1,(anonymous_56)
FNDA:0,(anonymous_57)
FNDA:0,(anonymous_58)
FNDA:3,oo_cm
DA:1,1
DA:2,1
DA:3,1
DA:4,1
DA:5,1
DA:6,1
DA:7,1
DA:10,1
DA:12,1
DA:13,1
DA:18,1
DA:41,7
DA:42,1
DA:43,6
DA:44,6
DA:50,3
DA:52,3
DA:53,2
DA:59,2
DA:60,2
DA:63,1
DA:67,1
DA:68,1
DA:81,1
DA:82,1
DA:89,2
DA:90,0
DA:96,1
DA:97,1
DA:99,1
DA:106,1
DA:107,1
DA:109,1
DA:110,1
DA:111,1
DA:112,1
DA:113,1
DA:115,0
DA:123,1
DA:124,0
DA:130,0
DA:131,0
DA:132,0
DA:133,0
DA:140,1
DA:141,1
DA:144,1
DA:150,1
DA:151,1
DA:152,0
DA:153,0
DA:156,1
DA:158,1
DA:159,1
DA:162,1
DA:164,1
DA:166,30
DA:167,3
DA:170,30
DA:171,9
DA:173,30
DA:181,1
DA:182,1
DA:185,0
DA:193,1
DA:194,1
DA:195,1
DA:196,1
DA:197,1
DA:204,1
DA:205,1
DA:206,1
DA:207,1
DA:214,1
DA:215,1
DA:216,1
DA:217,1
DA:218,1
DA:219,1
DA:226,1
DA:228,0
DA:230,0
DA:234,0
DA:235,0
DA:238,0
DA:241,1
DA:246,1
DA:247,0
DA:250,0
DA:251,0
DA:254,0
DA:255,0
DA:257,0
DA:258,0
DA:260,0
DA:266,0
DA:270,0
DA:274,0
DA:276,0
DA:284,1
DA:285,0
DA:286,0
DA:288,0
DA:289,0
DA:290,0
DA:291,0
DA:292,0
DA:293,0
DA:294,0
DA:296,0
DA:297,0
DA:298,0
DA:301,0
DA:302,0
DA:303,0
DA:305,0
DA:306,0
DA:309,0
DA:317,1
DA:318,0
DA:319,0
DA:320,0
DA:321,0
DA:323,0
DA:324,0
DA:331,1
DA:332,1
DA:335,1
DA:337,1
DA:339,1
DA:341,1
DA:343,1
DA:344,1
DA:345,1
DA:346,1
DA:347,1
DA:348,1
DA:349,1
DA:350,1
DA:351,1
DA:361,1
DA:362,1
DA:363,1
DA:367,1
DA:368,1
DA:370,1
DA:371,1
DA:378,1
DA:379,1
DA:381,1
DA:383,1
DA:387,1
DA:388,1
DA:389,0
DA:390,0
DA:394,1
DA:399,1
DA:401,1
DA:405,1
DA:406,0
DA:413,0
DA:414,0
DA:415,0
DA:422,1
DA:423,1
DA:424,1
DA:425,1
DA:427,1
DA:428,1
DA:429,1
DA:431,1
DA:432,1
DA:433,1
DA:434,1
DA:435,1
DA:438,0
DA:439,0
DA:441,0
DA:442,0
DA:446,1
DA:447,0
DA:448,0
DA:449,0
DA:450,0
DA:451,0
DA:452,0
DA:453,0
DA:455,0
DA:462,1
DA:463,0
DA:464,0
DA:470,0
DA:471,0
DA:472,0
DA:473,0
DA:480,1
DA:481,1
DA:482,1
DA:483,1
DA:484,1
DA:485,1
DA:486,1
DA:490,1
DA:491,0
DA:498,0
DA:499,0
DA:500,0
DA:504,1
DA:505,0
DA:506,0
DA:507,0
DA:508,0
DA:509,0
DA:510,0
DA:517,1
DA:518,1
DA:519,1
DA:520,1
DA:521,1
DA:525,1
DA:526,0
DA:527,0
DA:528,0
DA:529,0
DA:535,1
DA:536,1
DA:537,1
DA:538,1
DA:539,1
DA:540,0
DA:547,1
DA:548,0
DA:566,1
DA:569,1
DA:570,0
DA:571,0
DA:576,1
DA:583,3
LF:238
LH:145
BRDA:10,0,0,1
BRDA:10,0,1,1
BRDA:44,1,0,0
BRDA:44,1,1,6
BRDA:44,2,0,6
BRDA:44,2,1,0
BRDA:50,3,0,0
BRDA:50,3,1,3
BRDA:52,4,0,2
BRDA:52,4,1,1
BRDA:60,5,0,0
BRDA:60,5,1,2
BRDA:68,6,0,0
BRDA:68,6,1,1
BRDA:89,7,0,2
BRDA:89,7,1,0
BRDA:107,8,0,0
BRDA:107,8,1,1
BRDA:109,9,0,1
BRDA:109,9,1,0
BRDA:131,10,0,0
BRDA:131,10,1,0
BRDA:132,11,0,0
BRDA:132,11,1,0
BRDA:151,12,0,0
BRDA:151,12,1,1
BRDA:159,13,0,0
BRDA:159,13,1,1
BRDA:166,14,0,3
BRDA:166,14,1,27
BRDA:170,15,0,9
BRDA:170,15,1,21
BRDA:181,16,0,1
BRDA:181,16,1,0
BRDA:185,17,0,0
BRDA:185,17,1,0
BRDA:196,18,0,0
BRDA:196,18,1,1
BRDA:206,19,0,0
BRDA:206,19,1,1
BRDA:218,20,0,0
BRDA:218,20,1,1
BRDA:228,21,0,0
BRDA:228,21,1,0
BRDA:230,22,0,0
BRDA:230,22,1,0
BRDA:234,23,0,0
BRDA:234,23,1,0
BRDA:250,24,0,0
BRDA:250,24,1,0
BRDA:250,25,0,0
BRDA:250,25,1,0
BRDA:250,25,2,0
BRDA:250,25,3,0
BRDA:255,26,0,0
BRDA:255,26,1,0
BRDA:258,27,0,0
BRDA:258,27,1,0
BRDA:258,28,0,0
BRDA:258,28,1,0
BRDA:268,29,0,0
BRDA:268,29,1,0
BRDA:268,30,0,0
BRDA:268,30,1,0
BRDA:268,31,0,0
BRDA:268,31,1,0
BRDA:268,32,0,0
BRDA:268,32,1,0
BRDA:270,33,0,0
BRDA:270,33,1,0
BRDA:289,34,0,0
BRDA:289,34,1,0
BRDA:290,35,0,0
BRDA:290,35,1,0
BRDA:292,36,0,0
BRDA:292,36,1,0
BRDA:292,37,0,0
BRDA:292,37,1,0
BRDA:294,38,0,0
BRDA:294,38,1,0
BRDA:296,39,0,0
BRDA:296,39,1,0
BRDA:296,40,0,0
BRDA:296,40,1,0
BRDA:298,41,0,0
BRDA:298,41,1,0
BRDA:303,42,0,0
BRDA:303,42,1,0
BRDA:321,43,0,0
BRDA:321,43,1,0
BRDA:350,44,0,1
BRDA:350,44,1,1
BRDA:367,45,0,1
BRDA:367,45,1,1
BRDA:368,46,0,0
BRDA:368,46,1,1
BRDA:388,47,0,0
BRDA:388,47,1,1
BRDA:414,48,0,0
BRDA:414,48,1,0
BRDA:424,49,0,1
BRDA:424,49,1,1
BRDA:425,50,0,0
BRDA:425,50,1,1
BRDA:431,51,0,1
BRDA:431,51,1,0
BRDA:448,52,0,0
BRDA:448,52,1,0
BRDA:471,53,0,0
BRDA:471,53,1,0
BRDA:472,54,0,0
BRDA:472,54,1,0
BRDA:484,55,0,0
BRDA:484,55,1,1
BRDA:499,56,0,0
BRDA:499,56,1,0
BRDA:508,57,0,0
BRDA:508,57,1,0
BRDA:520,58,0,0
BRDA:520,58,1,1
BRDA:527,59,0,0
BRDA:527,59,1,0
BRDA:527,60,0,0
BRDA:527,60,1,0
BRDA:539,61,0,1
BRDA:539,61,1,0
BRDA:539,62,0,1
BRDA:539,62,1,1
BRDA:566,63,0,1
BRDA:566,63,1,1
BRDA:569,64,0,0
BRDA:569,64,1,1
BRDA:583,65,0,3
BRDA:583,65,1,0
BRF:134
BRH:41
end_of_record
